<?xml version="1.0" encoding="UTF-8"?>
<!-- Generated by org.testng.reporters.JUnitReportReporter -->
<testsuite skipped="0" hostname="Mahesh" name="UITests.LoginTests" tests="2" failures="0" timestamp="14 Dec 2022 16:19:57 GMT" time="2.900" errors="0">
  <testcase name="TestLogOut" time="1.676" classname="UITests.LoginTests"/>
  <testcase name="TestLogin" time="1.224" classname="UITests.LoginTests"/>
</testsuite> <!-- UITests.LoginTests -->
