<?xml version="1.0" encoding="UTF-8"?>
<!-- Generated by org.testng.reporters.JUnitReportReporter -->
<testsuite skipped="0" hostname="Mahesh" name="UITests.HomepageTest" tests="1" failures="0" timestamp="19 Dec 2022 16:57:30 GMT" time="6.715" errors="0">
  <testcase name="TestAddToCart" time="6.715" classname="UITests.HomepageTest"/>
</testsuite> <!-- UITests.HomepageTest -->
