<?xml version="1.0" encoding="UTF-8"?>
<!-- Generated by org.testng.reporters.JUnitReportReporter -->
<testsuite hostname="DESKTOP-3LSHSV1" failures="0" tests="1" name="UITests.HomepageTest" time="37.378" errors="0" timestamp="20 Dec 2022 13:37:37 GMT" skipped="0">
  <testcase classname="UITests.HomepageTest" name="TestAddToCart" time="37.378"/>
</testsuite> <!-- UITests.HomepageTest -->
